<?xml version="1.0" encoding="UTF-8"?>
<!-- Generated by org.testng.reporters.JUnitReportReporter -->
<testsuite skipped="0" hostname="IND04865" name="com.datadriventesting.WriteDataToExcel" tests="1" failures="0" timestamp="2022-06-04T22:52:34 IST" time="2.041" errors="0">
  <testcase name="WriteDataToExcel" time="2.041" classname="com.datadriventesting.WriteDataToExcel"/>
  <system-out/>
</testsuite> <!-- com.datadriventesting.WriteDataToExcel -->
