<?xml version="1.0" encoding="UTF-8"?>
<!-- Generated by org.testng.reporters.JUnitReportReporter -->
<testsuite skipped="0" hostname="IND04865" name="com.datadriventesting.ReadDataFromExcel" tests="1" failures="0" timestamp="2022-06-05T19:11:47 IST" time="1.434" errors="0">
  <testcase name="ReadDataFromFile" time="1.434" classname="com.datadriventesting.ReadDataFromExcel"/>
  <system-out/>
</testsuite> <!-- com.datadriventesting.ReadDataFromExcel -->
