<?xml version="1.0" encoding="UTF-8"?>
<!-- Generated by org.testng.reporters.JUnitReportReporter -->
<testsuite skipped="0" hostname="IND04865" name="com.listenerstest.Listner_Test" tests="1" failures="0" timestamp="2022-06-05T16:23:49 IST" time="8.005" errors="0">
  <testcase name="LoginTestCase" time="8.005" classname="com.listenerstest.Listner_Test"/>
  <system-out/>
</testsuite> <!-- com.listenerstest.Listner_Test -->
