<?xml version="1.0" encoding="UTF-8"?>
<!-- Generated by org.testng.reporters.JUnitReportReporter -->
<testsuite skipped="0" hostname="IND04865" name="com.listenersexample.Listener_WebDriverTest" tests="1" failures="0" timestamp="2022-06-05T21:49:31 IST" time="14.271" errors="0">
  <testcase name="LoginTest" time="14.271" classname="com.listenersexample.Listener_WebDriverTest"/>
  <system-out/>
</testsuite> <!-- com.listenersexample.Listener_WebDriverTest -->
