<?xml version="1.0" encoding="UTF-8"?>
<!-- Generated by org.testng.reporters.JUnitReportReporter -->
<testsuite skipped="0" hostname="IND04865" name="com.testcases.LoginTestCase" tests="1" failures="0" timestamp="2022-06-05T19:29:00 IST" time="14.515" errors="0">
  <testcase name="LoginTestCase" time="14.515" classname="com.testcases.LoginTestCase"/>
  <system-out/>
</testsuite> <!-- com.testcases.LoginTestCase -->
